1774759339.266141 client started (482406): version 3.4, socket /tmp/tmux-1000/default, protocol 8
1774759339.266164 on Linux 6.8.0-90-generic #91-Ubuntu SMP PREEMPT_DYNAMIC Tue Nov 18 14:14:30 UTC 2025
1774759339.266167 using libevent 2.1.12-stable poll
1774759339.266169 using ncurses 6.4 20240113
1774759339.266182 flags are 0x10010000
1774759339.266191 socket is /tmp/tmux-1000/default
1774759339.266200 trying connect
1774759339.266257 add peer 0x6509352f66e0: 6 ((nil))
1774759339.266292 sending message 100 to peer 0x6509352f66e0 (4 bytes)
1774759339.266295 sending message 111 to peer 0x6509352f66e0 (8 bytes)
1774759339.266298 sending message 101 to peer 0x6509352f66e0 (14 bytes)
1774759339.266300 sending message 109 to peer 0x6509352f66e0 (4 bytes)
1774759339.266303 sending message 102 to peer 0x6509352f66e0 (1 bytes)
1774759339.266305 sending message 108 to peer 0x6509352f66e0 (27 bytes)
1774759339.266308 sending message 104 to peer 0x6509352f66e0 (0 bytes)
1774759339.266311 sending message 110 to peer 0x6509352f66e0 (0 bytes)
1774759339.266314 sending message 107 to peer 0x6509352f66e0 (4 bytes)
1774759339.266317 sending message 105 to peer 0x6509352f66e0 (43 bytes)
1774759339.266319 sending message 105 to peer 0x6509352f66e0 (47 bytes)
1774759339.266322 sending message 105 to peer 0x6509352f66e0 (23 bytes)
1774759339.266324 sending message 105 to peer 0x6509352f66e0 (20 bytes)
1774759339.266327 sending message 105 to peer 0x6509352f66e0 (54 bytes)
1774759339.266329 sending message 105 to peer 0x6509352f66e0 (25 bytes)
1774759339.266332 sending message 105 to peer 0x6509352f66e0 (11 bytes)
1774759339.266334 sending message 105 to peer 0x6509352f66e0 (1710 bytes)
1774759339.266346 sending message 105 to peer 0x6509352f66e0 (20 bytes)
1774759339.266349 sending message 105 to peer 0x6509352f66e0 (15 bytes)
1774759339.266351 sending message 105 to peer 0x6509352f66e0 (44 bytes)
1774759339.266354 sending message 105 to peer 0x6509352f66e0 (86 bytes)
1774759339.266357 sending message 105 to peer 0x6509352f66e0 (30 bytes)
1774759339.266359 sending message 105 to peer 0x6509352f66e0 (52 bytes)
1774759339.266362 sending message 105 to peer 0x6509352f66e0 (30 bytes)
1774759339.266364 sending message 105 to peer 0x6509352f66e0 (20 bytes)
1774759339.266367 sending message 105 to peer 0x6509352f66e0 (28 bytes)
1774759339.266369 sending message 105 to peer 0x6509352f66e0 (40 bytes)
1774759339.266372 sending message 105 to peer 0x6509352f66e0 (17 bytes)
1774759339.266374 sending message 105 to peer 0x6509352f66e0 (23 bytes)
1774759339.266377 sending message 105 to peer 0x6509352f66e0 (34 bytes)
1774759339.266379 sending message 105 to peer 0x6509352f66e0 (17 bytes)
1774759339.266382 sending message 105 to peer 0x6509352f66e0 (15 bytes)
1774759339.266384 sending message 105 to peer 0x6509352f66e0 (23 bytes)
1774759339.266387 sending message 105 to peer 0x6509352f66e0 (30 bytes)
1774759339.266389 sending message 105 to peer 0x6509352f66e0 (27 bytes)
1774759339.266392 sending message 105 to peer 0x6509352f66e0 (24 bytes)
1774759339.266394 sending message 105 to peer 0x6509352f66e0 (20 bytes)
1774759339.266397 sending message 105 to peer 0x6509352f66e0 (23 bytes)
1774759339.266399 sending message 105 to peer 0x6509352f66e0 (21 bytes)
1774759339.266402 sending message 105 to peer 0x6509352f66e0 (25 bytes)
1774759339.266405 sending message 105 to peer 0x6509352f66e0 (20 bytes)
1774759339.266407 sending message 105 to peer 0x6509352f66e0 (19 bytes)
1774759339.266410 sending message 105 to peer 0x6509352f66e0 (58 bytes)
1774759339.266412 sending message 105 to peer 0x6509352f66e0 (34 bytes)
1774759339.266415 sending message 105 to peer 0x6509352f66e0 (472 bytes)
1774759339.266418 sending message 105 to peer 0x6509352f66e0 (10 bytes)
1774759339.266420 sending message 105 to peer 0x6509352f66e0 (46 bytes)
1774759339.266423 sending message 105 to peer 0x6509352f66e0 (31 bytes)
1774759339.266425 sending message 105 to peer 0x6509352f66e0 (19 bytes)
1774759339.266428 sending message 105 to peer 0x6509352f66e0 (19 bytes)
1774759339.266430 sending message 105 to peer 0x6509352f66e0 (17 bytes)
1774759339.266439 sending message 105 to peer 0x6509352f66e0 (78 bytes)
1774759339.266442 sending message 105 to peer 0x6509352f66e0 (19 bytes)
1774759339.266445 sending message 105 to peer 0x6509352f66e0 (8 bytes)
1774759339.266447 sending message 105 to peer 0x6509352f66e0 (41 bytes)
1774759339.266450 sending message 105 to peer 0x6509352f66e0 (19 bytes)
1774759339.266452 sending message 105 to peer 0x6509352f66e0 (18 bytes)
1774759339.266455 sending message 105 to peer 0x6509352f66e0 (25 bytes)
1774759339.266457 sending message 105 to peer 0x6509352f66e0 (37 bytes)
1774759339.266460 sending message 105 to peer 0x6509352f66e0 (13 bytes)
1774759339.266463 sending message 105 to peer 0x6509352f66e0 (58 bytes)
1774759339.266465 sending message 105 to peer 0x6509352f66e0 (17 bytes)
1774759339.266468 sending message 105 to peer 0x6509352f66e0 (36 bytes)
1774759339.266478 sending message 105 to peer 0x6509352f66e0 (17 bytes)
1774759339.266487 sending message 105 to peer 0x6509352f66e0 (41 bytes)
1774759339.266491 sending message 105 to peer 0x6509352f66e0 (47 bytes)
1774759339.266495 sending message 105 to peer 0x6509352f66e0 (31 bytes)
1774759339.266499 sending message 105 to peer 0x6509352f66e0 (163 bytes)
1774759339.266504 sending message 105 to peer 0x6509352f66e0 (55 bytes)
1774759339.266508 sending message 105 to peer 0x6509352f66e0 (31 bytes)
1774759339.266511 sending message 105 to peer 0x6509352f66e0 (15 bytes)
1774759339.266513 sending message 105 to peer 0x6509352f66e0 (52 bytes)
1774759339.266516 sending message 105 to peer 0x6509352f66e0 (23 bytes)
1774759339.266519 sending message 105 to peer 0x6509352f66e0 (29 bytes)
1774759339.266521 sending message 105 to peer 0x6509352f66e0 (18 bytes)
1774759339.266524 sending message 105 to peer 0x6509352f66e0 (58 bytes)
1774759339.266526 sending message 105 to peer 0x6509352f66e0 (21 bytes)
1774759339.266529 sending message 105 to peer 0x6509352f66e0 (11 bytes)
1774759339.266532 sending message 105 to peer 0x6509352f66e0 (21 bytes)
1774759339.266534 sending message 105 to peer 0x6509352f66e0 (39 bytes)
1774759339.266537 sending message 105 to peer 0x6509352f66e0 (47 bytes)
1774759339.266539 sending message 105 to peer 0x6509352f66e0 (52 bytes)
1774759339.266542 sending message 105 to peer 0x6509352f66e0 (46 bytes)
1774759339.266544 sending message 105 to peer 0x6509352f66e0 (36 bytes)
1774759339.266547 sending message 105 to peer 0x6509352f66e0 (53 bytes)
1774759339.266549 sending message 105 to peer 0x6509352f66e0 (29 bytes)
1774759339.266552 sending message 105 to peer 0x6509352f66e0 (29 bytes)
1774759339.266555 sending message 105 to peer 0x6509352f66e0 (21 bytes)
1774759339.266557 sending message 105 to peer 0x6509352f66e0 (43 bytes)
1774759339.266560 sending message 105 to peer 0x6509352f66e0 (36 bytes)
1774759339.266562 sending message 105 to peer 0x6509352f66e0 (21 bytes)
1774759339.266565 sending message 105 to peer 0x6509352f66e0 (21 bytes)
1774759339.266568 sending message 105 to peer 0x6509352f66e0 (58 bytes)
1774759339.266570 sending message 105 to peer 0x6509352f66e0 (75 bytes)
1774759339.266573 sending message 105 to peer 0x6509352f66e0 (16 bytes)
1774759339.266575 sending message 105 to peer 0x6509352f66e0 (53 bytes)
1774759339.266578 sending message 105 to peer 0x6509352f66e0 (25 bytes)
1774759339.266580 sending message 105 to peer 0x6509352f66e0 (38 bytes)
1774759339.266583 sending message 105 to peer 0x6509352f66e0 (35 bytes)
1774759339.266586 sending message 105 to peer 0x6509352f66e0 (42 bytes)
1774759339.266588 sending message 105 to peer 0x6509352f66e0 (21 bytes)
1774759339.266591 sending message 105 to peer 0x6509352f66e0 (17 bytes)
1774759339.266593 sending message 105 to peer 0x6509352f66e0 (27 bytes)
1774759339.266596 sending message 105 to peer 0x6509352f66e0 (37 bytes)
1774759339.266599 sending message 105 to peer 0x6509352f66e0 (27 bytes)
1774759339.266601 sending message 105 to peer 0x6509352f66e0 (56 bytes)
1774759339.266604 sending message 105 to peer 0x6509352f66e0 (16 bytes)
1774759339.266606 sending message 105 to peer 0x6509352f66e0 (13 bytes)
1774759339.266613 sending message 106 to peer 0x6509352f66e0 (0 bytes)
1774759339.266646 cmd_pack_argv: argv[0]=new-session
1774759339.266648 cmd_pack_argv: argv[1]=-d
1774759339.266650 cmd_pack_argv: argv[2]=-s
1774759339.266652 cmd_pack_argv: argv[3]=debug
1774759339.266655 sending message 200 to peer 0x6509352f66e0 (28 bytes)
1774759339.266657 client loop enter
1774759339.270426 peer 0x6509352f66e0 message 203
1774759339.270435 client loop exit
